<?xml version="1.0" encoding="UTF-8"?>
<testng-results ignored="0" total="3" passed="3" failed="0" skipped="0">
  <reporter-output>
  </reporter-output>
  <suite started-at="2025-07-20T00:26:45 IST" name="Default suite" finished-at="2025-07-20T00:27:34 IST" duration-ms="49180">
    <groups>
      <group name="cucumber">
        <method signature="AbstractTestNGCucumberTests.runScenario(io.cucumber.testng.PickleWrapper,io.cucumber.testng.FeatureWrapper)[pri:0, instance:cucumberOptions.TestNGTestRunner@942a29c]" name="runScenario" class="io.cucumber.testng.AbstractTestNGCucumberTests"/>
      </group> <!-- cucumber -->
    </groups>
    <test started-at="2025-07-20T00:26:45 IST" name="Default test" finished-at="2025-07-20T00:27:34 IST" duration-ms="49180">
      <class name="cucumberOptions.TestNGTestRunner">
        <test-method is-config="true" signature="setUpClass(org.testng.ITestContext)[pri:0, instance:cucumberOptions.TestNGTestRunner@942a29c]" started-at="2025-07-20T00:26:45 IST" name="setUpClass" finished-at="2025-07-20T00:26:45 IST" duration-ms="550" status="PASS">
          <params>
            <param index="0">
              <value>
                <![CDATA[org.testng.TestRunner@520a95ff]]>
              </value>
            </param>
          </params>
          <reporter-output>
          </reporter-output>
        </test-method> <!-- setUpClass -->
        <test-method signature="runScenario(io.cucumber.testng.PickleWrapper,io.cucumber.testng.FeatureWrapper)[pri:0, instance:cucumberOptions.TestNGTestRunner@942a29c]" started-at="2025-07-20T00:26:45 IST" name="runScenario" description="Runs Cucumber Scenarios" data-provider="scenarios" finished-at="2025-07-20T00:27:07 IST" duration-ms="21794" status="PASS">
          <params>
            <param index="0">
              <value>
                <![CDATA["Purchase succeeds with valid card"]]>
              </value>
            </param>
            <param index="1">
              <value>
                <![CDATA["Toy Purchase via Payment Gateway"]]>
              </value>
            </param>
          </params>
          <reporter-output>
          </reporter-output>
        </test-method> <!-- runScenario -->
        <test-method signature="runScenario(io.cucumber.testng.PickleWrapper,io.cucumber.testng.FeatureWrapper)[pri:0, instance:cucumberOptions.TestNGTestRunner@942a29c]" started-at="2025-07-20T00:27:07 IST" name="runScenario" description="Runs Cucumber Scenarios" data-provider="scenarios" finished-at="2025-07-20T00:27:26 IST" duration-ms="19004" status="PASS">
          <params>
            <param index="0">
              <value>
                <![CDATA["Purchase succeeds with valid card"]]>
              </value>
            </param>
            <param index="1">
              <value>
                <![CDATA["Toy Purchase via Payment Gateway"]]>
              </value>
            </param>
          </params>
          <reporter-output>
          </reporter-output>
        </test-method> <!-- runScenario -->
        <test-method signature="runScenario(io.cucumber.testng.PickleWrapper,io.cucumber.testng.FeatureWrapper)[pri:0, instance:cucumberOptions.TestNGTestRunner@942a29c]" started-at="2025-07-20T00:27:26 IST" name="runScenario" description="Runs Cucumber Scenarios" data-provider="scenarios" finished-at="2025-07-20T00:27:34 IST" duration-ms="7755" status="PASS">
          <params>
            <param index="0">
              <value>
                <![CDATA["Purchase fails with invalid card"]]>
              </value>
            </param>
            <param index="1">
              <value>
                <![CDATA["Toy Purchase via Payment Gateway"]]>
              </value>
            </param>
          </params>
          <reporter-output>
          </reporter-output>
        </test-method> <!-- runScenario -->
        <test-method is-config="true" signature="tearDownClass()[pri:0, instance:cucumberOptions.TestNGTestRunner@942a29c]" started-at="2025-07-20T00:27:34 IST" name="tearDownClass" finished-at="2025-07-20T00:27:34 IST" duration-ms="34" status="PASS">
          <reporter-output>
          </reporter-output>
        </test-method> <!-- tearDownClass -->
      </class> <!-- cucumberOptions.TestNGTestRunner -->
    </test> <!-- Default test -->
  </suite> <!-- Default suite -->
</testng-results>
