<?xml version="1.0" encoding="UTF-8"?>
<testsuite xmlns:xsi="http://www.w3.org/2001/XMLSchema-instance" xsi:noNamespaceSchemaLocation="https://maven.apache.org/surefire/maven-surefire-plugin/xsd/surefire-test-report.xsd" version="3.0.1" name="testRunner.TestRunner" time="21.284" tests="6" errors="0" skipped="0" failures="0">
  <properties>
[...]
</properties>
  <testcase name="runScenario[&quot;Successfully add a new customer with different data&quot;, &quot;Add Customer&quot;](1)" classname="testRunner.TestRunner" time="4.762">
    <system-out><![CDATA[
Scenario Outline: Successfully add a new customer with different data                              # src/test/java/features/add_customer.feature:11
✅ WebDriver initialized in Hooks: ChromeDriver: chrome on WINDOWS (f71ebcaa361568b2d825440a516073b0)
Navigated to page: Guru99 Telecom Add Customer
  Given I am on the Add Customer page                                                              # stepDefinitions.AddCustomerSteps.i_am_on_add_customer_page()
  When I enter customer details with "Neha", "Doe", "Neha@example.com", "123 Street", "1234567890" # stepDefinitions.AddCustomerSteps.i_enter_customer_details(java.lang.String,java.lang.String,java.lang.String,java.lang.String,java.lang.String)
  And I click the submit button                                                                    # stepDefinitions.AddCustomerSteps.i_click_submit_button()
Captured Customer ID: 706858
  Then Customer ID should be displayed                                                             # stepDefinitions.AddCustomerSteps.customer_id_should_be_displayed()
🛑 WebDriver closed.
]]></system-out>
    <system-err><![CDATA[Starting ChromeDriver 138.0.7204.157 (e533e98b1267baa1f1c46d666b120e64e5146aa9-refs/branch-heads/7204@{#2046}) on port 35363
Only local connections are allowed.
Please see https://chromedriver.chromium.org/security-considerations for suggestions on keeping ChromeDriver safe.
ChromeDriver was started successfully on port 35363.
Jul 20, 2025 5:32:29 PM org.openqa.selenium.devtools.CdpVersionFinder findNearestMatch
WARNING: Unable to find CDP implementation matching 138
Jul 20, 2025 5:32:29 PM org.openqa.selenium.chromium.ChromiumDriver lambda$new$3
WARNING: Unable to find version of CDP to use for . You may need to include a dependency on a specific version of the CDP using something similar to `org.seleniumhq.selenium:selenium-devtools-v86:4.8.3` where the version ("v86") matches the version of the chromium-based browser you're using and the version number of the artifact is the same as Selenium's.
]]></system-err>
  </testcase>
  <testcase name="runScenario[&quot;Successfully add a new customer with different data&quot;, &quot;Add Customer&quot;](2)" classname="testRunner.TestRunner" time="3.214">
    <system-out><![CDATA[
Scenario Outline: Successfully add a new customer with different data                                  # src/test/java/features/add_customer.feature:12
✅ WebDriver initialized in Hooks: ChromeDriver: chrome on WINDOWS (86bcae8e2e1beee836ace6f0b21f41c3)
Navigated to page: Guru99 Telecom Add Customer
  Given I am on the Add Customer page                                                                  # stepDefinitions.AddCustomerSteps.i_am_on_add_customer_page()
  When I enter customer details with "Sneha", "Smith", "sneha@example.com", "456 Avenue", "9876543210" # stepDefinitions.AddCustomerSteps.i_enter_customer_details(java.lang.String,java.lang.String,java.lang.String,java.lang.String,java.lang.String)
  And I click the submit button                                                                        # stepDefinitions.AddCustomerSteps.i_click_submit_button()
Captured Customer ID: 860357
  Then Customer ID should be displayed                                                                 # stepDefinitions.AddCustomerSteps.customer_id_should_be_displayed()
🛑 WebDriver closed.
]]></system-out>
    <system-err><![CDATA[Starting ChromeDriver 138.0.7204.157 (e533e98b1267baa1f1c46d666b120e64e5146aa9-refs/branch-heads/7204@{#2046}) on port 10231
Only local connections are allowed.
Please see https://chromedriver.chromium.org/security-considerations for suggestions on keeping ChromeDriver safe.
ChromeDriver was started successfully on port 10231.
Jul 20, 2025 5:32:33 PM org.openqa.selenium.devtools.CdpVersionFinder findNearestMatch
WARNING: Unable to find CDP implementation matching 138
Jul 20, 2025 5:32:33 PM org.openqa.selenium.chromium.ChromiumDriver lambda$new$3
WARNING: Unable to find version of CDP to use for . You may need to include a dependency on a specific version of the CDP using something similar to `org.seleniumhq.selenium:selenium-devtools-v86:4.8.3` where the version ("v86") matches the version of the chromium-based browser you're using and the version number of the artifact is the same as Selenium's.
]]></system-err>
  </testcase>
  <testcase name="runScenario[&quot;Successfully add tariff plan&quot;, &quot;Add Tariff Plan&quot;](3)" classname="testRunner.TestRunner" time="3.174">
    <system-out><![CDATA[
Scenario: Successfully add tariff plan   # src/test/java/features/add_tariff.feature:3
✅ WebDriver initialized in Hooks: ChromeDriver: chrome on WINDOWS (22484d304a84920123230803f988dd69)
  Given I am on the Add Tariff Plan page # stepDefinitions.AddTariffSteps.i_am_on_add_tariff_page()
  When I fill in all the required fields # stepDefinitions.AddTariffSteps.i_fill_form()
  And I click submit                     # stepDefinitions.AddTariffSteps.i_click_submit()
Tariff Plan successfully added.
  Then I should see success message      # stepDefinitions.AddTariffSteps.i_should_see_success()
🛑 WebDriver closed.
]]></system-out>
    <system-err><![CDATA[Starting ChromeDriver 138.0.7204.157 (e533e98b1267baa1f1c46d666b120e64e5146aa9-refs/branch-heads/7204@{#2046}) on port 14146
Only local connections are allowed.
Please see https://chromedriver.chromium.org/security-considerations for suggestions on keeping ChromeDriver safe.
ChromeDriver was started successfully on port 14146.
Jul 20, 2025 5:32:36 PM org.openqa.selenium.devtools.CdpVersionFinder findNearestMatch
WARNING: Unable to find CDP implementation matching 138
Jul 20, 2025 5:32:36 PM org.openqa.selenium.chromium.ChromiumDriver lambda$new$3
WARNING: Unable to find version of CDP to use for . You may need to include a dependency on a specific version of the CDP using something similar to `org.seleniumhq.selenium:selenium-devtools-v86:4.8.3` where the version ("v86") matches the version of the chromium-based browser you're using and the version number of the artifact is the same as Selenium's.
]]></system-err>
  </testcase>
  <testcase name="runScenario[&quot;Successfully assign a tariff plan to a customer&quot;, &quot;Assign Tariff Plan to Customer&quot;](4)" classname="testRunner.TestRunner" time="3.551">
    <system-out><![CDATA[
@AssignTariff
Scenario: Successfully assign a tariff plan to a customer          # src/test/java/features/assign_tariff.feature:3
✅ WebDriver initialized in Hooks: ChromeDriver: chrome on WINDOWS (e5bc325553ce58ec980b4962a14b7942)
  Given I am on the Assign Tariff Plan to Customer page            # stepDefinitions.AssignTariffSteps.openAssignTariffPage()
  When I enter the customer ID                                     # stepDefinitions.AssignTariffSteps.enterCustomerId()
👉 Found 1 radio button(s).
Tariff plan selected
Assign button clicked
  And I select a tariff plan                                       # stepDefinitions.AssignTariffSteps.selectTariffPlan()
 Success message displayed: Congratulation Tariff Plan assigned
  Then I should see a success message confirming tariff assignment # stepDefinitions.AssignTariffSteps.verifySuccessMessage()
🛑 WebDriver closed.
]]></system-out>
    <system-err><![CDATA[Starting ChromeDriver 138.0.7204.157 (e533e98b1267baa1f1c46d666b120e64e5146aa9-refs/branch-heads/7204@{#2046}) on port 9516
Only local connections are allowed.
Please see https://chromedriver.chromium.org/security-considerations for suggestions on keeping ChromeDriver safe.
ChromeDriver was started successfully on port 9516.
Jul 20, 2025 5:32:39 PM org.openqa.selenium.devtools.CdpVersionFinder findNearestMatch
WARNING: Unable to find CDP implementation matching 138
Jul 20, 2025 5:32:39 PM org.openqa.selenium.chromium.ChromiumDriver lambda$new$3
WARNING: Unable to find version of CDP to use for . You may need to include a dependency on a specific version of the CDP using something similar to `org.seleniumhq.selenium:selenium-devtools-v86:4.8.3` where the version ("v86") matches the version of the chromium-based browser you're using and the version number of the artifact is the same as Selenium's.
]]></system-err>
  </testcase>
  <testcase name="runScenario[&quot;Successfully generate invoice for a valid customer ID&quot;, &quot;Generate Invoice&quot;](5)" classname="testRunner.TestRunner" time="2.91">
    <system-out><![CDATA[
Scenario: Successfully generate invoice for a valid customer ID # src/test/java/features/generate_invoice.feature:3
✅ WebDriver initialized in Hooks: ChromeDriver: chrome on WINDOWS (186abadba962285112eddc99aa0b9cf8)
  Given I navigate to the Generate Invoice page                 # stepDefinitions.GenerateInvoiceSteps.i_navigate_to_generate_invoice_page()
  When I enter customer ID "12345" and submit                   # stepDefinitions.GenerateInvoiceSteps.i_enter_customer_id(java.lang.String)
  Then I should see the invoice details                         # stepDefinitions.GenerateInvoiceSteps.i_should_see_invoice_details()
🛑 WebDriver closed.
]]></system-out>
    <system-err><![CDATA[Starting ChromeDriver 138.0.7204.157 (e533e98b1267baa1f1c46d666b120e64e5146aa9-refs/branch-heads/7204@{#2046}) on port 44525
Only local connections are allowed.
Please see https://chromedriver.chromium.org/security-considerations for suggestions on keeping ChromeDriver safe.
ChromeDriver was started successfully on port 44525.
Jul 20, 2025 5:32:43 PM org.openqa.selenium.devtools.CdpVersionFinder findNearestMatch
WARNING: Unable to find CDP implementation matching 138
Jul 20, 2025 5:32:43 PM org.openqa.selenium.chromium.ChromiumDriver lambda$new$3
WARNING: Unable to find version of CDP to use for . You may need to include a dependency on a specific version of the CDP using something similar to `org.seleniumhq.selenium:selenium-devtools-v86:4.8.3` where the version ("v86") matches the version of the chromium-based browser you're using and the version number of the artifact is the same as Selenium's.
]]></system-err>
  </testcase>
  <testcase name="runScenario[&quot;Successfully pay bill for an existing customer&quot;, &quot;Pay Billing&quot;](6)" classname="testRunner.TestRunner" time="2.881">
    <system-out><![CDATA[
Scenario: Successfully pay bill for an existing customer # src/test/java/features/pay_billing.feature:3
✅ WebDriver initialized in Hooks: ChromeDriver: chrome on WINDOWS (0ac6ca0c7145302e066829e89f3c5156)
  Given I am on the Pay Billing page                     # stepDefinitions.PayBillingSteps.i_am_on_the_pay_billing_page()
  When I enter a valid customer ID                       # stepDefinitions.PayBillingSteps.i_enter_valid_customer_id()
  And I click on submit                                  # stepDefinitions.PayBillingSteps.i_click_on_submit()
  Then Billing details should be displayed               # stepDefinitions.PayBillingSteps.billing_details_should_be_displayed()
🛑 WebDriver closed.
]]></system-out>
    <system-err><![CDATA[Starting ChromeDriver 138.0.7204.157 (e533e98b1267baa1f1c46d666b120e64e5146aa9-refs/branch-heads/7204@{#2046}) on port 28363
Only local connections are allowed.
Please see https://chromedriver.chromium.org/security-considerations for suggestions on keeping ChromeDriver safe.
ChromeDriver was started successfully on port 28363.
Jul 20, 2025 5:32:46 PM org.openqa.selenium.devtools.CdpVersionFinder findNearestMatch
WARNING: Unable to find CDP implementation matching 138
Jul 20, 2025 5:32:46 PM org.openqa.selenium.chromium.ChromiumDriver lambda$new$3
WARNING: Unable to find version of CDP to use for . You may need to include a dependency on a specific version of the CDP using something similar to `org.seleniumhq.selenium:selenium-devtools-v86:4.8.3` where the version ("v86") matches the version of the chromium-based browser you're using and the version number of the artifact is the same as Selenium's.
]]></system-err>
  </testcase>
</testsuite>