<?xml version="1.0" encoding="UTF-8"?>
<testng-results ignored="0" total="6" passed="6" failed="0" skipped="0">
  <reporter-output>
  </reporter-output>
  <suite started-at="2025-07-20T00:28:06 IST" name="Default suite" finished-at="2025-07-20T00:28:31 IST" duration-ms="24570">
    <groups>
      <group name="cucumber">
        <method signature="AbstractTestNGCucumberTests.runScenario(io.cucumber.testng.PickleWrapper,io.cucumber.testng.FeatureWrapper)[pri:0, instance:testRunner.TestRunner@543295b0]" name="runScenario" class="io.cucumber.testng.AbstractTestNGCucumberTests"/>
      </group> <!-- cucumber -->
    </groups>
    <test started-at="2025-07-20T00:28:06 IST" name="Default test" finished-at="2025-07-20T00:28:31 IST" duration-ms="24570">
      <class name="testRunner.TestRunner">
        <test-method is-config="true" signature="setUpClass(org.testng.ITestContext)[pri:0, instance:testRunner.TestRunner@543295b0]" started-at="2025-07-20T00:28:06 IST" name="setUpClass" finished-at="2025-07-20T00:28:07 IST" duration-ms="737" status="PASS">
          <params>
            <param index="0">
              <value>
                <![CDATA[org.testng.TestRunner@186f7434]]>
              </value>
            </param>
          </params>
          <reporter-output>
          </reporter-output>
        </test-method> <!-- setUpClass -->
        <test-method signature="runScenario(io.cucumber.testng.PickleWrapper,io.cucumber.testng.FeatureWrapper)[pri:0, instance:testRunner.TestRunner@543295b0]" started-at="2025-07-20T00:28:07 IST" name="runScenario" description="Runs Cucumber Scenarios" data-provider="scenarios" finished-at="2025-07-20T00:28:12 IST" duration-ms="5155" status="PASS">
          <params>
            <param index="0">
              <value>
                <![CDATA["Successfully add a new customer with different data"]]>
              </value>
            </param>
            <param index="1">
              <value>
                <![CDATA["Add Customer"]]>
              </value>
            </param>
          </params>
          <reporter-output>
          </reporter-output>
        </test-method> <!-- runScenario -->
        <test-method signature="runScenario(io.cucumber.testng.PickleWrapper,io.cucumber.testng.FeatureWrapper)[pri:0, instance:testRunner.TestRunner@543295b0]" started-at="2025-07-20T00:28:12 IST" name="runScenario" description="Runs Cucumber Scenarios" data-provider="scenarios" finished-at="2025-07-20T00:28:16 IST" duration-ms="3873" status="PASS">
          <params>
            <param index="0">
              <value>
                <![CDATA["Successfully add a new customer with different data"]]>
              </value>
            </param>
            <param index="1">
              <value>
                <![CDATA["Add Customer"]]>
              </value>
            </param>
          </params>
          <reporter-output>
          </reporter-output>
        </test-method> <!-- runScenario -->
        <test-method signature="runScenario(io.cucumber.testng.PickleWrapper,io.cucumber.testng.FeatureWrapper)[pri:0, instance:testRunner.TestRunner@543295b0]" started-at="2025-07-20T00:28:16 IST" name="runScenario" description="Runs Cucumber Scenarios" data-provider="scenarios" finished-at="2025-07-20T00:28:20 IST" duration-ms="4007" status="PASS">
          <params>
            <param index="0">
              <value>
                <![CDATA["Successfully add tariff plan"]]>
              </value>
            </param>
            <param index="1">
              <value>
                <![CDATA["Add Tariff Plan"]]>
              </value>
            </param>
          </params>
          <reporter-output>
          </reporter-output>
        </test-method> <!-- runScenario -->
        <test-method signature="runScenario(io.cucumber.testng.PickleWrapper,io.cucumber.testng.FeatureWrapper)[pri:0, instance:testRunner.TestRunner@543295b0]" started-at="2025-07-20T00:28:20 IST" name="runScenario" description="Runs Cucumber Scenarios" data-provider="scenarios" finished-at="2025-07-20T00:28:24 IST" duration-ms="3933" status="PASS">
          <params>
            <param index="0">
              <value>
                <![CDATA["Successfully assign a tariff plan to a customer"]]>
              </value>
            </param>
            <param index="1">
              <value>
                <![CDATA["Assign Tariff Plan to Customer"]]>
              </value>
            </param>
          </params>
          <reporter-output>
          </reporter-output>
        </test-method> <!-- runScenario -->
        <test-method signature="runScenario(io.cucumber.testng.PickleWrapper,io.cucumber.testng.FeatureWrapper)[pri:0, instance:testRunner.TestRunner@543295b0]" started-at="2025-07-20T00:28:24 IST" name="runScenario" description="Runs Cucumber Scenarios" data-provider="scenarios" finished-at="2025-07-20T00:28:27 IST" duration-ms="3205" status="PASS">
          <params>
            <param index="0">
              <value>
                <![CDATA["Successfully generate invoice for a valid customer ID"]]>
              </value>
            </param>
            <param index="1">
              <value>
                <![CDATA["Generate Invoice"]]>
              </value>
            </param>
          </params>
          <reporter-output>
          </reporter-output>
        </test-method> <!-- runScenario -->
        <test-method signature="runScenario(io.cucumber.testng.PickleWrapper,io.cucumber.testng.FeatureWrapper)[pri:0, instance:testRunner.TestRunner@543295b0]" started-at="2025-07-20T00:28:27 IST" name="runScenario" description="Runs Cucumber Scenarios" data-provider="scenarios" finished-at="2025-07-20T00:28:30 IST" duration-ms="3282" status="PASS">
          <params>
            <param index="0">
              <value>
                <![CDATA["Successfully pay bill for an existing customer"]]>
              </value>
            </param>
            <param index="1">
              <value>
                <![CDATA["Pay Billing"]]>
              </value>
            </param>
          </params>
          <reporter-output>
          </reporter-output>
        </test-method> <!-- runScenario -->
        <test-method is-config="true" signature="tearDownClass()[pri:0, instance:testRunner.TestRunner@543295b0]" started-at="2025-07-20T00:28:30 IST" name="tearDownClass" finished-at="2025-07-20T00:28:31 IST" duration-ms="336" status="PASS">
          <reporter-output>
          </reporter-output>
        </test-method> <!-- tearDownClass -->
      </class> <!-- testRunner.TestRunner -->
    </test> <!-- Default test -->
  </suite> <!-- Default suite -->
</testng-results>
