<?xml version="1.0" encoding="UTF-8"?>
<testng-results ignored="0" total="6" passed="6" failed="0" skipped="0">
  <reporter-output>
  </reporter-output>
  <suite started-at="2025-07-20T18:36:26 IST" name="Surefire suite" finished-at="2025-07-20T18:37:59 IST" duration-ms="92992">
    <groups>
      <group name="cucumber">
        <method signature="AbstractTestNGCucumberTests.runScenario(io.cucumber.testng.PickleWrapper,io.cucumber.testng.FeatureWrapper)[pri:0, instance:cucumberOptions.TestNGTestRunner@6ef888f6]" name="runScenario" class="io.cucumber.testng.AbstractTestNGCucumberTests"/>
        <method signature="AbstractTestNGCucumberTests.runScenario(io.cucumber.testng.PickleWrapper,io.cucumber.testng.FeatureWrapper)[pri:0, instance:testRunner.TestRunner@1d119efb]" name="runScenario" class="io.cucumber.testng.AbstractTestNGCucumberTests"/>
      </group> <!-- cucumber -->
    </groups>
    <test started-at="2025-07-20T18:36:26 IST" name="Surefire test" finished-at="2025-07-20T18:37:59 IST" duration-ms="92992">
      <class name="cucumberOptions.TestNGTestRunner">
        <test-method is-config="true" signature="setUpClass(org.testng.ITestContext)[pri:0, instance:cucumberOptions.TestNGTestRunner@6ef888f6]" started-at="2025-07-20T18:36:26 IST" name="setUpClass" finished-at="2025-07-20T18:36:26 IST" duration-ms="425" status="PASS">
          <params>
            <param index="0">
              <value>
                <![CDATA[org.testng.TestRunner@2382b2f]]>
              </value>
            </param>
          </params>
          <reporter-output>
          </reporter-output>
        </test-method> <!-- setUpClass -->
        <test-method signature="runScenario(io.cucumber.testng.PickleWrapper,io.cucumber.testng.FeatureWrapper)[pri:0, instance:cucumberOptions.TestNGTestRunner@6ef888f6]" started-at="2025-07-20T18:36:26 IST" name="runScenario" description="Runs Cucumber Scenarios" data-provider="scenarios" finished-at="2025-07-20T18:36:48 IST" duration-ms="21265" status="PASS">
          <params>
            <param index="0">
              <value>
                <![CDATA["Purchase succeeds with valid card"]]>
              </value>
            </param>
            <param index="1">
              <value>
                <![CDATA["Toy Purchase via Payment Gateway"]]>
              </value>
            </param>
          </params>
          <reporter-output>
          </reporter-output>
        </test-method> <!-- runScenario -->
        <test-method signature="runScenario(io.cucumber.testng.PickleWrapper,io.cucumber.testng.FeatureWrapper)[pri:0, instance:cucumberOptions.TestNGTestRunner@6ef888f6]" started-at="2025-07-20T18:36:48 IST" name="runScenario" description="Runs Cucumber Scenarios" data-provider="scenarios" finished-at="2025-07-20T18:37:07 IST" duration-ms="18999" status="PASS">
          <params>
            <param index="0">
              <value>
                <![CDATA["Purchase succeeds with valid card"]]>
              </value>
            </param>
            <param index="1">
              <value>
                <![CDATA["Toy Purchase via Payment Gateway"]]>
              </value>
            </param>
          </params>
          <reporter-output>
          </reporter-output>
        </test-method> <!-- runScenario -->
        <test-method signature="runScenario(io.cucumber.testng.PickleWrapper,io.cucumber.testng.FeatureWrapper)[pri:0, instance:cucumberOptions.TestNGTestRunner@6ef888f6]" started-at="2025-07-20T18:37:07 IST" name="runScenario" description="Runs Cucumber Scenarios" data-provider="scenarios" finished-at="2025-07-20T18:37:14 IST" duration-ms="7535" status="PASS">
          <params>
            <param index="0">
              <value>
                <![CDATA["Purchase fails with invalid card"]]>
              </value>
            </param>
            <param index="1">
              <value>
                <![CDATA["Toy Purchase via Payment Gateway"]]>
              </value>
            </param>
          </params>
          <reporter-output>
          </reporter-output>
        </test-method> <!-- runScenario -->
        <test-method is-config="true" signature="tearDownClass()[pri:0, instance:cucumberOptions.TestNGTestRunner@6ef888f6]" started-at="2025-07-20T18:37:14 IST" name="tearDownClass" finished-at="2025-07-20T18:37:14 IST" duration-ms="40" status="PASS">
          <reporter-output>
          </reporter-output>
        </test-method> <!-- tearDownClass -->
      </class> <!-- cucumberOptions.TestNGTestRunner -->
      <class name="testRunner.TestRunner">
        <test-method is-config="true" signature="setUpClass(org.testng.ITestContext)[pri:0, instance:testRunner.TestRunner@1d119efb]" started-at="2025-07-20T18:37:14 IST" name="setUpClass" finished-at="2025-07-20T18:37:14 IST" duration-ms="15" status="PASS">
          <params>
            <param index="0">
              <value>
                <![CDATA[org.testng.TestRunner@2382b2f]]>
              </value>
            </param>
          </params>
          <reporter-output>
          </reporter-output>
        </test-method> <!-- setUpClass -->
        <test-method signature="runScenario(io.cucumber.testng.PickleWrapper,io.cucumber.testng.FeatureWrapper)[pri:0, instance:testRunner.TestRunner@1d119efb]" started-at="2025-07-20T18:37:14 IST" name="runScenario" description="Runs Cucumber Scenarios" data-provider="scenarios" finished-at="2025-07-20T18:37:33 IST" duration-ms="18566" status="PASS">
          <params>
            <param index="0">
              <value>
                <![CDATA["Purchase succeeds with valid card"]]>
              </value>
            </param>
            <param index="1">
              <value>
                <![CDATA["Toy Purchase via Payment Gateway"]]>
              </value>
            </param>
          </params>
          <reporter-output>
          </reporter-output>
        </test-method> <!-- runScenario -->
        <test-method signature="runScenario(io.cucumber.testng.PickleWrapper,io.cucumber.testng.FeatureWrapper)[pri:0, instance:testRunner.TestRunner@1d119efb]" started-at="2025-07-20T18:37:33 IST" name="runScenario" description="Runs Cucumber Scenarios" data-provider="scenarios" finished-at="2025-07-20T18:37:52 IST" duration-ms="18668" status="PASS">
          <params>
            <param index="0">
              <value>
                <![CDATA["Purchase succeeds with valid card"]]>
              </value>
            </param>
            <param index="1">
              <value>
                <![CDATA["Toy Purchase via Payment Gateway"]]>
              </value>
            </param>
          </params>
          <reporter-output>
          </reporter-output>
        </test-method> <!-- runScenario -->
        <test-method signature="runScenario(io.cucumber.testng.PickleWrapper,io.cucumber.testng.FeatureWrapper)[pri:0, instance:testRunner.TestRunner@1d119efb]" started-at="2025-07-20T18:37:52 IST" name="runScenario" description="Runs Cucumber Scenarios" data-provider="scenarios" finished-at="2025-07-20T18:37:59 IST" duration-ms="7409" status="PASS">
          <params>
            <param index="0">
              <value>
                <![CDATA["Purchase fails with invalid card"]]>
              </value>
            </param>
            <param index="1">
              <value>
                <![CDATA["Toy Purchase via Payment Gateway"]]>
              </value>
            </param>
          </params>
          <reporter-output>
          </reporter-output>
        </test-method> <!-- runScenario -->
        <test-method is-config="true" signature="tearDownClass()[pri:0, instance:testRunner.TestRunner@1d119efb]" started-at="2025-07-20T18:37:59 IST" name="tearDownClass" finished-at="2025-07-20T18:37:59 IST" duration-ms="26" status="PASS">
          <reporter-output>
          </reporter-output>
        </test-method> <!-- tearDownClass -->
      </class> <!-- testRunner.TestRunner -->
    </test> <!-- Surefire test -->
  </suite> <!-- Surefire suite -->
</testng-results>
