<?xml version="1.0" encoding="UTF-8"?>
<testsuite xmlns:xsi="http://www.w3.org/2001/XMLSchema-instance" xsi:noNamespaceSchemaLocation="https://maven.apache.org/surefire/maven-surefire-plugin/xsd/surefire-test-report-3.0.xsd" version="3.0" name="TestSuite" time="93.452" tests="6" errors="0" skipped="0" failures="0">
  <properties>
[...]
</properties>
  <testcase name="runScenario[&quot;Purchase succeeds with valid card&quot;, &quot;Toy Purchase via Payment Gateway&quot;](1)" classname="cucumberOptions.TestNGTestRunner" time="21.268">
    <system-out><![CDATA[
Scenario Outline: Purchase succeeds with valid card    # file:///C:/Users/Sagar/Desktop/guru99-automation/payment-gateway/src/test/java/features/purchase_toy.feature:14
  Given I am on the Purchase Toy page                  # stepDefinations.PurchaseToySteps.i_am_on_the_purchase_toy_page()
Setting quantity to 1
Entering quantity: 1
Quantity selected: 1
  When I set quantity to "1"                           # stepDefinations.PurchaseToySteps.i_set_quantity_to(java.lang.String)
Generated Month: [- 06]
  And I generate a valid card                          # stepDefinations.PurchaseToySteps.i_generate_a_valid_card()
Paying with card
  And I pay using the generated card                   # stepDefinations.PurchaseToySteps.i_pay_using_the_generated_card()
Order ID: 169070
  Then I should see a success message with an order ID # stepDefinations.PurchaseToySteps.i_should_see_a_success_message_with_an_order_id()
]]></system-out>
    <system-err><![CDATA[SLF4J: Failed to load class "org.slf4j.impl.StaticLoggerBinder".
SLF4J: Defaulting to no-operation (NOP) logger implementation
SLF4J: See http://www.slf4j.org/codes.html#StaticLoggerBinder for further details.
]]></system-err>
  </testcase>
  <testcase name="runScenario[&quot;Purchase succeeds with valid card&quot;, &quot;Toy Purchase via Payment Gateway&quot;](2)" classname="cucumberOptions.TestNGTestRunner" time="19">
    <system-out><![CDATA[
Scenario Outline: Purchase succeeds with valid card    # file:///C:/Users/Sagar/Desktop/guru99-automation/payment-gateway/src/test/java/features/purchase_toy.feature:15
  Given I am on the Purchase Toy page                  # stepDefinations.PurchaseToySteps.i_am_on_the_purchase_toy_page()
Setting quantity to 5
Entering quantity: 5
Quantity selected: 5
  When I set quantity to "5"                           # stepDefinations.PurchaseToySteps.i_set_quantity_to(java.lang.String)
Generated Month: [- 06]
  And I generate a valid card                          # stepDefinations.PurchaseToySteps.i_generate_a_valid_card()
Paying with card
  And I pay using the generated card                   # stepDefinations.PurchaseToySteps.i_pay_using_the_generated_card()
Order ID: 917368
  Then I should see a success message with an order ID # stepDefinations.PurchaseToySteps.i_should_see_a_success_message_with_an_order_id()
]]></system-out>
  </testcase>
  <testcase name="runScenario[&quot;Purchase fails with invalid card&quot;, &quot;Toy Purchase via Payment Gateway&quot;](3)" classname="cucumberOptions.TestNGTestRunner" time="7.533">
    <system-out><![CDATA[
Scenario: Purchase fails with invalid card                                  # file:///C:/Users/Sagar/Desktop/guru99-automation/payment-gateway/src/test/java/features/purchase_toy.feature:17
  Given I am on the Purchase Toy page                                       # stepDefinations.PurchaseToySteps.i_am_on_the_purchase_toy_page()
Setting quantity to 1
Entering quantity: 1
Quantity selected: 1
  When I set quantity to "1"                                                # stepDefinations.PurchaseToySteps.i_set_quantity_to(java.lang.String)
  And I pay using an invalid card "12345678" "123" "12" "2028"              # stepDefinations.PurchaseToySteps.iPayUsingInvalidCard(java.lang.String,java.lang.String,java.lang.String,java.lang.String)
  Then I should see an alert with message "Check card number is 16 digits!" # stepDefinations.PurchaseToySteps.iShouldSeeAnAlertWithMessage(java.lang.String)
]]></system-out>
  </testcase>
  <testcase name="runScenario[&quot;Purchase succeeds with valid card&quot;, &quot;Toy Purchase via Payment Gateway&quot;](1)" classname="testRunner.TestRunner" time="18.567">
    <system-out><![CDATA[
Scenario Outline: Purchase succeeds with valid card    # file:///C:/Users/Sagar/Desktop/guru99-automation/payment-gateway/src/test/java/features/purchase_toy.feature:14
  Given I am on the Purchase Toy page                  # stepDefinations.PurchaseToySteps.i_am_on_the_purchase_toy_page()
Setting quantity to 1
Entering quantity: 1
Quantity selected: 1
  When I set quantity to "1"                           # stepDefinations.PurchaseToySteps.i_set_quantity_to(java.lang.String)
Generated Month: [- 06]
  And I generate a valid card                          # stepDefinations.PurchaseToySteps.i_generate_a_valid_card()
Paying with card
  And I pay using the generated card                   # stepDefinations.PurchaseToySteps.i_pay_using_the_generated_card()
Order ID: 803473
  Then I should see a success message with an order ID # stepDefinations.PurchaseToySteps.i_should_see_a_success_message_with_an_order_id()
]]></system-out>
  </testcase>
  <testcase name="runScenario[&quot;Purchase succeeds with valid card&quot;, &quot;Toy Purchase via Payment Gateway&quot;](2)" classname="testRunner.TestRunner" time="18.669">
    <system-out><![CDATA[
Scenario Outline: Purchase succeeds with valid card    # file:///C:/Users/Sagar/Desktop/guru99-automation/payment-gateway/src/test/java/features/purchase_toy.feature:15
  Given I am on the Purchase Toy page                  # stepDefinations.PurchaseToySteps.i_am_on_the_purchase_toy_page()
Setting quantity to 5
Entering quantity: 5
Quantity selected: 5
  When I set quantity to "5"                           # stepDefinations.PurchaseToySteps.i_set_quantity_to(java.lang.String)
Generated Month: [- 11]
  And I generate a valid card                          # stepDefinations.PurchaseToySteps.i_generate_a_valid_card()
Paying with card
  And I pay using the generated card                   # stepDefinations.PurchaseToySteps.i_pay_using_the_generated_card()
Order ID: 029044
  Then I should see a success message with an order ID # stepDefinations.PurchaseToySteps.i_should_see_a_success_message_with_an_order_id()
]]></system-out>
  </testcase>
  <testcase name="runScenario[&quot;Purchase fails with invalid card&quot;, &quot;Toy Purchase via Payment Gateway&quot;](3)" classname="testRunner.TestRunner" time="7.41">
    <system-out><![CDATA[
Scenario: Purchase fails with invalid card                                  # file:///C:/Users/Sagar/Desktop/guru99-automation/payment-gateway/src/test/java/features/purchase_toy.feature:17
  Given I am on the Purchase Toy page                                       # stepDefinations.PurchaseToySteps.i_am_on_the_purchase_toy_page()
Setting quantity to 1
Entering quantity: 1
Quantity selected: 1
  When I set quantity to "1"                                                # stepDefinations.PurchaseToySteps.i_set_quantity_to(java.lang.String)
  And I pay using an invalid card "12345678" "123" "12" "2028"              # stepDefinations.PurchaseToySteps.iPayUsingInvalidCard(java.lang.String,java.lang.String,java.lang.String,java.lang.String)
  Then I should see an alert with message "Check card number is 16 digits!" # stepDefinations.PurchaseToySteps.iShouldSeeAnAlertWithMessage(java.lang.String)
]]></system-out>
  </testcase>
</testsuite>